wandb: Starting wandb agent 🕵️
2026-03-24 15:00:32,391 - wandb.wandb_agent - INFO - Running runs: []
2026-03-24 15:00:33,350 - wandb.wandb_agent - INFO - Agent received command: run
2026-03-24 15:00:33,350 - wandb.wandb_agent - INFO - Agent starting run with config:
	batch_size: 32768
	dataset: reddit
	device: 0
	embedding_dim: 128
	mfmgad_loss_weight: 0.1
	num_epoch: 150
	num_prompts: 8
	outlier_beta: 0.3
	peak_lr: 0.0005
	pp_k: 6
	progregate_alpha: 0.2
	rec_loss_weight: 5
	seed: 0
	token_mode: original
	tokenizer_hallucination_ratio: 1
	tokenizer_temp: 1
	use_mfmgad: True
2026-03-24 15:00:33,352 - wandb.wandb_agent - INFO - About to run command: /usr/bin/env python  --batch_size=32768 --dataset=reddit --device=0 --embedding_dim=128 --mfmgad_loss_weight=0.1 --num_epoch=150 --num_prompts=8 --outlier_beta=0.3 --peak_lr=0.0005 --pp_k=6 --progregate_alpha=0.2 --rec_loss_weight=5 --seed=0 --token_mode=original --tokenizer_hallucination_ratio=1 --tokenizer_temp=1 --use_mfmgad=True
/root/gpufree-data/linziyao/.conda/envs/GGADFormer/bin/python: can't find '__main__' module in ''
2026-03-24 15:00:38,361 - wandb.wandb_agent - INFO - Running runs: ['lk24xyiw']
2026-03-24 15:00:38,361 - wandb.wandb_agent - INFO - Cleaning up finished run: lk24xyiw
2026-03-24 15:00:39,068 - wandb.wandb_agent - INFO - Agent received command: run
2026-03-24 15:00:39,069 - wandb.wandb_agent - INFO - Agent starting run with config:
	batch_size: 32768
	dataset: reddit
	device: 0
	embedding_dim: 128
	mfmgad_loss_weight: 0.1
	num_epoch: 150
	num_prompts: 8
	outlier_beta: 0.3
	peak_lr: 0.0005
	pp_k: 6
	progregate_alpha: 0.2
	rec_loss_weight: 5
	seed: 1
	token_mode: original
	tokenizer_hallucination_ratio: 1
	tokenizer_temp: 0.5
	use_mfmgad: True
2026-03-24 15:00:39,070 - wandb.wandb_agent - INFO - About to run command: /usr/bin/env python  --batch_size=32768 --dataset=reddit --device=0 --embedding_dim=128 --mfmgad_loss_weight=0.1 --num_epoch=150 --num_prompts=8 --outlier_beta=0.3 --peak_lr=0.0005 --pp_k=6 --progregate_alpha=0.2 --rec_loss_weight=5 --seed=1 --token_mode=original --tokenizer_hallucination_ratio=1 --tokenizer_temp=0.5 --use_mfmgad=True
/root/gpufree-data/linziyao/.conda/envs/GGADFormer/bin/python: can't find '__main__' module in ''
2026-03-24 15:00:44,079 - wandb.wandb_agent - INFO - Running runs: ['1x42hdr9']
2026-03-24 15:00:44,079 - wandb.wandb_agent - INFO - Cleaning up finished run: 1x42hdr9
2026-03-24 15:00:45,114 - wandb.wandb_agent - INFO - Agent received command: run
2026-03-24 15:00:45,114 - wandb.wandb_agent - INFO - Agent starting run with config:
	batch_size: 32768
	dataset: reddit
	device: 0
	embedding_dim: 128
	mfmgad_loss_weight: 0.1
	num_epoch: 150
	num_prompts: 8
	outlier_beta: 0.3
	peak_lr: 0.0005
	pp_k: 6
	progregate_alpha: 0.2
	rec_loss_weight: 5
	seed: 1
	token_mode: original
	tokenizer_hallucination_ratio: 2
	tokenizer_temp: 1
	use_mfmgad: True
2026-03-24 15:00:45,116 - wandb.wandb_agent - INFO - About to run command: /usr/bin/env python  --batch_size=32768 --dataset=reddit --device=0 --embedding_dim=128 --mfmgad_loss_weight=0.1 --num_epoch=150 --num_prompts=8 --outlier_beta=0.3 --peak_lr=0.0005 --pp_k=6 --progregate_alpha=0.2 --rec_loss_weight=5 --seed=1 --token_mode=original --tokenizer_hallucination_ratio=2 --tokenizer_temp=1 --use_mfmgad=True
/root/gpufree-data/linziyao/.conda/envs/GGADFormer/bin/python: can't find '__main__' module in ''
2026-03-24 15:00:50,124 - wandb.wandb_agent - INFO - Running runs: ['2k6b09iz']
2026-03-24 15:00:50,125 - wandb.wandb_agent - ERROR - Detected 3 failed runs in the first 60 seconds, shutting down.
2026-03-24 15:00:50,125 - wandb.wandb_agent - INFO - To disable this check set WANDB_AGENT_DISABLE_FLAPPING=true
wandb: Terminating and syncing runs. Press ctrl-c to kill.
