wandb: Starting wandb agent 🕵️
2026-03-24 15:00:32,852 - wandb.wandb_agent - INFO - Running runs: []
2026-03-24 15:00:33,835 - wandb.wandb_agent - INFO - Agent received command: run
2026-03-24 15:00:33,835 - wandb.wandb_agent - INFO - Agent starting run with config:
	batch_size: 32768
	dataset: reddit
	device: 0
	embedding_dim: 128
	mfmgad_loss_weight: 0.1
	num_epoch: 150
	num_prompts: 8
	outlier_beta: 0.3
	peak_lr: 0.0005
	pp_k: 6
	progregate_alpha: 0.2
	rec_loss_weight: 5
	seed: 0
	token_mode: original
	tokenizer_hallucination_ratio: 1.5
	tokenizer_temp: 1
	use_mfmgad: True
2026-03-24 15:00:33,837 - wandb.wandb_agent - INFO - About to run command: /usr/bin/env python  --batch_size=32768 --dataset=reddit --device=0 --embedding_dim=128 --mfmgad_loss_weight=0.1 --num_epoch=150 --num_prompts=8 --outlier_beta=0.3 --peak_lr=0.0005 --pp_k=6 --progregate_alpha=0.2 --rec_loss_weight=5 --seed=0 --token_mode=original --tokenizer_hallucination_ratio=1.5 --tokenizer_temp=1 --use_mfmgad=True
/root/gpufree-data/linziyao/.conda/envs/GGADFormer/bin/python: can't find '__main__' module in ''
2026-03-24 15:00:38,846 - wandb.wandb_agent - INFO - Running runs: ['di7w1buz']
2026-03-24 15:00:38,846 - wandb.wandb_agent - INFO - Cleaning up finished run: di7w1buz
2026-03-24 15:00:39,540 - wandb.wandb_agent - INFO - Agent received command: run
2026-03-24 15:00:39,540 - wandb.wandb_agent - INFO - Agent starting run with config:
	batch_size: 32768
	dataset: reddit
	device: 0
	embedding_dim: 128
	mfmgad_loss_weight: 0.1
	num_epoch: 150
	num_prompts: 8
	outlier_beta: 0.3
	peak_lr: 0.0005
	pp_k: 6
	progregate_alpha: 0.2
	rec_loss_weight: 5
	seed: 1
	token_mode: original
	tokenizer_hallucination_ratio: 1.5
	tokenizer_temp: 0.5
	use_mfmgad: True
2026-03-24 15:00:39,542 - wandb.wandb_agent - INFO - About to run command: /usr/bin/env python  --batch_size=32768 --dataset=reddit --device=0 --embedding_dim=128 --mfmgad_loss_weight=0.1 --num_epoch=150 --num_prompts=8 --outlier_beta=0.3 --peak_lr=0.0005 --pp_k=6 --progregate_alpha=0.2 --rec_loss_weight=5 --seed=1 --token_mode=original --tokenizer_hallucination_ratio=1.5 --tokenizer_temp=0.5 --use_mfmgad=True
/root/gpufree-data/linziyao/.conda/envs/GGADFormer/bin/python: can't find '__main__' module in ''
2026-03-24 15:00:44,550 - wandb.wandb_agent - INFO - Running runs: ['ru3u5fh0']
2026-03-24 15:00:44,551 - wandb.wandb_agent - INFO - Cleaning up finished run: ru3u5fh0
2026-03-24 15:00:45,508 - wandb.wandb_agent - INFO - Agent received command: run
2026-03-24 15:00:45,508 - wandb.wandb_agent - INFO - Agent starting run with config:
	batch_size: 32768
	dataset: reddit
	device: 0
	embedding_dim: 128
	mfmgad_loss_weight: 0.1
	num_epoch: 150
	num_prompts: 8
	outlier_beta: 0.3
	peak_lr: 0.0005
	pp_k: 6
	progregate_alpha: 0.2
	rec_loss_weight: 5
	seed: 2
	token_mode: original
	tokenizer_hallucination_ratio: 1
	tokenizer_temp: 1
	use_mfmgad: True
2026-03-24 15:00:45,510 - wandb.wandb_agent - INFO - About to run command: /usr/bin/env python  --batch_size=32768 --dataset=reddit --device=0 --embedding_dim=128 --mfmgad_loss_weight=0.1 --num_epoch=150 --num_prompts=8 --outlier_beta=0.3 --peak_lr=0.0005 --pp_k=6 --progregate_alpha=0.2 --rec_loss_weight=5 --seed=2 --token_mode=original --tokenizer_hallucination_ratio=1 --tokenizer_temp=1 --use_mfmgad=True
/root/gpufree-data/linziyao/.conda/envs/GGADFormer/bin/python: can't find '__main__' module in ''
2026-03-24 15:00:50,519 - wandb.wandb_agent - INFO - Running runs: ['2u34m9dp']
2026-03-24 15:00:50,519 - wandb.wandb_agent - ERROR - Detected 3 failed runs in the first 60 seconds, shutting down.
2026-03-24 15:00:50,519 - wandb.wandb_agent - INFO - To disable this check set WANDB_AGENT_DISABLE_FLAPPING=true
wandb: Terminating and syncing runs. Press ctrl-c to kill.
