wandb: Starting wandb agent 🕵️
2026-03-24 15:00:32,538 - wandb.wandb_agent - INFO - Running runs: []
2026-03-24 15:00:34,122 - wandb.wandb_agent - INFO - Agent received command: run
2026-03-24 15:00:34,123 - wandb.wandb_agent - INFO - Agent starting run with config:
	batch_size: 32768
	dataset: reddit
	device: 0
	embedding_dim: 128
	mfmgad_loss_weight: 0.1
	num_epoch: 150
	num_prompts: 8
	outlier_beta: 0.3
	peak_lr: 0.0005
	pp_k: 6
	progregate_alpha: 0.2
	rec_loss_weight: 5
	seed: 0
	token_mode: original
	tokenizer_hallucination_ratio: 2
	tokenizer_temp: 0.5
	use_mfmgad: True
2026-03-24 15:00:34,124 - wandb.wandb_agent - INFO - About to run command: /usr/bin/env python  --batch_size=32768 --dataset=reddit --device=0 --embedding_dim=128 --mfmgad_loss_weight=0.1 --num_epoch=150 --num_prompts=8 --outlier_beta=0.3 --peak_lr=0.0005 --pp_k=6 --progregate_alpha=0.2 --rec_loss_weight=5 --seed=0 --token_mode=original --tokenizer_hallucination_ratio=2 --tokenizer_temp=0.5 --use_mfmgad=True
/root/gpufree-data/linziyao/.conda/envs/GGADFormer/bin/python: can't find '__main__' module in ''
2026-03-24 15:00:39,132 - wandb.wandb_agent - INFO - Running runs: ['a3heyw3c']
2026-03-24 15:00:39,132 - wandb.wandb_agent - INFO - Cleaning up finished run: a3heyw3c
2026-03-24 15:00:39,820 - wandb.wandb_agent - INFO - Agent received command: run
2026-03-24 15:00:39,820 - wandb.wandb_agent - INFO - Agent starting run with config:
	batch_size: 32768
	dataset: reddit
	device: 0
	embedding_dim: 128
	mfmgad_loss_weight: 0.1
	num_epoch: 150
	num_prompts: 8
	outlier_beta: 0.3
	peak_lr: 0.0005
	pp_k: 6
	progregate_alpha: 0.2
	rec_loss_weight: 5
	seed: 1
	token_mode: original
	tokenizer_hallucination_ratio: 1.5
	tokenizer_temp: 1
	use_mfmgad: True
2026-03-24 15:00:39,822 - wandb.wandb_agent - INFO - About to run command: /usr/bin/env python  --batch_size=32768 --dataset=reddit --device=0 --embedding_dim=128 --mfmgad_loss_weight=0.1 --num_epoch=150 --num_prompts=8 --outlier_beta=0.3 --peak_lr=0.0005 --pp_k=6 --progregate_alpha=0.2 --rec_loss_weight=5 --seed=1 --token_mode=original --tokenizer_hallucination_ratio=1.5 --tokenizer_temp=1 --use_mfmgad=True
/root/gpufree-data/linziyao/.conda/envs/GGADFormer/bin/python: can't find '__main__' module in ''
2026-03-24 15:00:44,831 - wandb.wandb_agent - INFO - Running runs: ['ocieetpg']
2026-03-24 15:00:44,831 - wandb.wandb_agent - INFO - Cleaning up finished run: ocieetpg
2026-03-24 15:00:45,637 - wandb.wandb_agent - INFO - Agent received command: run
2026-03-24 15:00:45,637 - wandb.wandb_agent - INFO - Agent starting run with config:
	batch_size: 32768
	dataset: reddit
	device: 0
	embedding_dim: 128
	mfmgad_loss_weight: 0.1
	num_epoch: 150
	num_prompts: 8
	outlier_beta: 0.3
	peak_lr: 0.0005
	pp_k: 6
	progregate_alpha: 0.2
	rec_loss_weight: 5
	seed: 2
	token_mode: original
	tokenizer_hallucination_ratio: 1.5
	tokenizer_temp: 0.5
	use_mfmgad: True
2026-03-24 15:00:45,639 - wandb.wandb_agent - INFO - About to run command: /usr/bin/env python  --batch_size=32768 --dataset=reddit --device=0 --embedding_dim=128 --mfmgad_loss_weight=0.1 --num_epoch=150 --num_prompts=8 --outlier_beta=0.3 --peak_lr=0.0005 --pp_k=6 --progregate_alpha=0.2 --rec_loss_weight=5 --seed=2 --token_mode=original --tokenizer_hallucination_ratio=1.5 --tokenizer_temp=0.5 --use_mfmgad=True
/root/gpufree-data/linziyao/.conda/envs/GGADFormer/bin/python: can't find '__main__' module in ''
2026-03-24 15:00:50,648 - wandb.wandb_agent - INFO - Running runs: ['fi97f6gc']
2026-03-24 15:00:50,648 - wandb.wandb_agent - ERROR - Detected 3 failed runs in the first 60 seconds, shutting down.
2026-03-24 15:00:50,648 - wandb.wandb_agent - INFO - To disable this check set WANDB_AGENT_DISABLE_FLAPPING=true
wandb: Terminating and syncing runs. Press ctrl-c to kill.
