wandb: [wandb.login()] Loaded credentials for https://api.wandb.ai from /root/gpufree-data/linziyao/.netrc.
wandb: Currently logged in as: jerryyoursister (Senyao) to https://api.wandb.ai. Use `wandb login --relogin` to force relogin
/usr/local/lib/python3.10/dist-packages/pydantic/main.py:314: UserWarning: Pydantic serializer warnings:
  Expected `list[str]` but got `tuple` - serialized value may not be as expected
  Expected `list[str]` but got `tuple` - serialized value may not be as expected
  return self.__pydantic_serializer__.to_python(
wandb: setting up run gwfghc7p
wandb: Tracking run with wandb version 0.25.0
wandb: Run data is saved locally in /root/gpufree-data/linziyao/VoxG/wandb/run-20260319_065950-gwfghc7p
wandb: Run `wandb offline` to turn off syncing.
wandb: Syncing run usual-puddle-75
wandb: ⭐️ View project at https://wandb.ai/HCCS/VoxG
wandb: 🚀 View run at https://wandb.ai/HCCS/VoxG/runs/gwfghc7p
/usr/local/lib/python3.10/dist-packages/torch/optim/lr_scheduler.py:28: UserWarning: The verbose parameter is deprecated. Please use get_last_lr() to access the learning rate.
  warnings.warn("The verbose parameter is deprecated. Please use get_last_lr() "
Dataset:  tolokers_enhanced_v2
Using device: cuda:0
CUDA device name: NVIDIA L40
CUDA device memory: 44.4 GB
Training Counter({0: 9192, 1: 2566})
Test Counter()
Training rate 1
Tokenizating
Start training! Total epochs: 100
Training:   0%|          | 0/100 [00:00<?, ?it/s]显存不足!：CUDA out of memory. Tried to allocate 56.00 MiB. GPU 
发送通知: 【VecFormer】出现显存不足!：CUDA out of memory. Tried to allocate 56.00 MiB. GPU 
Traceback (most recent call last):
  File "/root/gpufree-data/linziyao/VoxG/run.py", line 526, in <module>
    train(args)
  File "/root/gpufree-data/linziyao/VoxG/run.py", line 200, in train
    emb, emb_combine, logits, outlier_emb, noised_normal_for_generation_emb, loss_rec, loss_ring = model(concated_input_features, None,
  File "/usr/local/lib/python3.10/dist-packages/torch/nn/modules/module.py", line 1527, in _wrapped_call_impl
    return self._call_impl(*args, **kwargs)
  File "/usr/local/lib/python3.10/dist-packages/torch/nn/modules/module.py", line 1536, in _call_impl
    return forward_call(*args, **kwargs)
  File "/root/gpufree-data/linziyao/VoxG/GGADFormer.py", line 255, in forward
    emb = self.TransformerEncoder(input_tokens)
  File "/root/gpufree-data/linziyao/VoxG/GGADFormer.py", line 235, in TransformerEncoder
    emb, current_attention_weights = self.layers[i](emb)
  File "/usr/local/lib/python3.10/dist-packages/torch/nn/modules/module.py", line 1527, in _wrapped_call_impl
    return self._call_impl(*args, **kwargs)
  File "/usr/local/lib/python3.10/dist-packages/torch/nn/modules/module.py", line 1536, in _call_impl
    return forward_call(*args, **kwargs)
  File "/root/gpufree-data/linziyao/VoxG/GGADFormer.py", line 100, in forward
    y, attention_weights = self.self_attention(y, y, y, attn_bias)
  File "/usr/local/lib/python3.10/dist-packages/torch/nn/modules/module.py", line 1527, in _wrapped_call_impl
    return self._call_impl(*args, **kwargs)
  File "/usr/local/lib/python3.10/dist-packages/torch/nn/modules/module.py", line 1536, in _call_impl
    return forward_call(*args, **kwargs)
  File "/root/gpufree-data/linziyao/VoxG/GGADFormer.py", line 58, in forward
    q = q * self.scale
torch.cuda.OutOfMemoryError: CUDA out of memory. Tried to allocate 56.00 MiB. GPU 

During handling of the above exception, another exception occurred:

Traceback (most recent call last):
  File "/root/gpufree-data/linziyao/VoxG/run.py", line 533, in <module>
    send_notification(f"【VecFormer】出现显存不足!：{e}")
  File "/root/gpufree-data/linziyao/VoxG/utils.py", line 767, in send_notification
    payload = {"text": content, "timestamp": str(datetime.now())}
AttributeError: module 'datetime' has no attribute 'now'
Traceback (most recent call last):
  File "/root/gpufree-data/linziyao/VoxG/run.py", line 526, in <module>
    train(args)
  File "/root/gpufree-data/linziyao/VoxG/run.py", line 200, in train
    emb, emb_combine, logits, outlier_emb, noised_normal_for_generation_emb, loss_rec, loss_ring = model(concated_input_features, None,
  File "/usr/local/lib/python3.10/dist-packages/torch/nn/modules/module.py", line 1527, in _wrapped_call_impl
    return self._call_impl(*args, **kwargs)
  File "/usr/local/lib/python3.10/dist-packages/torch/nn/modules/module.py", line 1536, in _call_impl
    return forward_call(*args, **kwargs)
  File "/root/gpufree-data/linziyao/VoxG/GGADFormer.py", line 255, in forward
    emb = self.TransformerEncoder(input_tokens)
  File "/root/gpufree-data/linziyao/VoxG/GGADFormer.py", line 235, in TransformerEncoder
    emb, current_attention_weights = self.layers[i](emb)
  File "/usr/local/lib/python3.10/dist-packages/torch/nn/modules/module.py", line 1527, in _wrapped_call_impl
    return self._call_impl(*args, **kwargs)
  File "/usr/local/lib/python3.10/dist-packages/torch/nn/modules/module.py", line 1536, in _call_impl
    return forward_call(*args, **kwargs)
  File "/root/gpufree-data/linziyao/VoxG/GGADFormer.py", line 100, in forward
    y, attention_weights = self.self_attention(y, y, y, attn_bias)
  File "/usr/local/lib/python3.10/dist-packages/torch/nn/modules/module.py", line 1527, in _wrapped_call_impl
    return self._call_impl(*args, **kwargs)
  File "/usr/local/lib/python3.10/dist-packages/torch/nn/modules/module.py", line 1536, in _call_impl
    return forward_call(*args, **kwargs)
  File "/root/gpufree-data/linziyao/VoxG/GGADFormer.py", line 58, in forward
    q = q * self.scale
torch.cuda.OutOfMemoryError: CUDA out of memory. Tried to allocate 56.00 MiB. GPU 

During handling of the above exception, another exception occurred:

Traceback (most recent call last):
  File "/root/gpufree-data/linziyao/VoxG/run.py", line 533, in <module>
    send_notification(f"【VecFormer】出现显存不足!：{e}")
  File "/root/gpufree-data/linziyao/VoxG/utils.py", line 767, in send_notification
    payload = {"text": content, "timestamp": str(datetime.now())}
AttributeError: module 'datetime' has no attribute 'now'
[1;34mwandb[0m: 
[1;34mwandb[0m: 🚀 View run [33musual-puddle-75[0m at: [34mhttps://wandb.ai/HCCS/VoxG/runs/gwfghc7p[0m
[1;34mwandb[0m: Find logs at: [1;35mwandb/run-20260319_065950-gwfghc7p/logs[0m
